2016-11-14 14:13:06,238 [Thread-3:123145318469632] [django.request:170] [base:get_response] [WARNING]- Not Found: /static/css/base.css
2016-11-14 14:13:06,241 [Thread-4:123145322676224] [django.request:170] [base:get_response] [WARNING]- Not Found: /static/css/index.css
2016-11-14 14:13:06,243 [Thread-5:123145326882816] [django.request:170] [base:get_response] [WARNING]- Not Found: /static/js/jquery.min.js
2016-11-14 14:13:06,246 [Thread-6:123145331089408] [django.request:170] [base:get_response] [WARNING]- Not Found: /static/js/nav.js
2016-11-14 14:13:06,249 [Thread-7:123145335296000] [django.request:170] [base:get_response] [WARNING]- Not Found: /static/js/sliders.js
2016-11-14 14:13:12,043 [Thread-13:123145335296000] [django.request:170] [base:get_response] [WARNING]- Not Found: /static/js/sliders.js
2016-11-14 14:13:12,045 [Thread-12:123145331089408] [django.request:170] [base:get_response] [WARNING]- Not Found: /static/js/nav.js
2016-11-14 14:13:12,045 [Thread-9:123145318469632] [django.request:170] [base:get_response] [WARNING]- Not Found: /static/css/base.css
2016-11-14 14:13:12,045 [Thread-10:123145322676224] [django.request:170] [base:get_response] [WARNING]- Not Found: /static/css/index.css
2016-11-14 14:13:12,046 [Thread-11:123145326882816] [django.request:170] [base:get_response] [WARNING]- Not Found: /static/js/jquery.min.js
2016-11-14 14:16:21,110 [Thread-15:123145318469632] [django.request:170] [base:get_response] [WARNING]- Not Found: /static/css/base.css
2016-11-14 14:16:21,110 [Thread-16:123145322676224] [django.request:170] [base:get_response] [WARNING]- Not Found: /static/css/index.css
2016-11-14 14:16:21,114 [Thread-18:123145322676224] [django.request:170] [base:get_response] [WARNING]- Not Found: /static/js/jquery.min.js
2016-11-14 14:16:21,115 [Thread-17:123145326882816] [django.request:170] [base:get_response] [WARNING]- Not Found: /static/js/nav.js
2016-11-14 14:16:21,117 [Thread-19:123145318469632] [django.request:170] [base:get_response] [WARNING]- Not Found: /static/js/sliders.js
2016-11-14 14:18:42,285 [Thread-3:123145457090560] [django.request:170] [base:get_response] [WARNING]- Not Found: /static/css/index.css
2016-11-14 14:18:42,286 [Thread-4:123145461297152] [django.request:170] [base:get_response] [WARNING]- Not Found: /static/css/base.css
2016-11-14 14:18:42,288 [Thread-5:123145465503744] [django.request:170] [base:get_response] [WARNING]- Not Found: /static/js/jquery.min.js
2016-11-14 14:18:42,291 [Thread-6:123145469710336] [django.request:170] [base:get_response] [WARNING]- Not Found: /static/js/nav.js
2016-11-14 14:18:42,293 [Thread-7:123145457090560] [django.request:170] [base:get_response] [WARNING]- Not Found: /static/js/sliders.js
2016-11-14 14:18:43,096 [Thread-10:123145461297152] [django.request:170] [base:get_response] [WARNING]- Not Found: /static/css/index.css
2016-11-14 14:18:43,096 [Thread-11:123145465503744] [django.request:170] [base:get_response] [WARNING]- Not Found: /static/js/jquery.min.js
2016-11-14 14:18:43,097 [Thread-12:123145469710336] [django.request:170] [base:get_response] [WARNING]- Not Found: /static/js/nav.js
2016-11-14 14:18:43,097 [Thread-9:123145457090560] [django.request:170] [base:get_response] [WARNING]- Not Found: /static/css/base.css
2016-11-14 14:18:43,098 [Thread-13:123145473916928] [django.request:170] [base:get_response] [WARNING]- Not Found: /static/js/sliders.js
2016-11-14 14:27:39,749 [Thread-5:123145516937216] [django.request:170] [base:get_response] [WARNING]- Not Found: /static/js/jquery.min.js
2016-11-14 14:27:39,749 [Thread-4:123145512730624] [django.request:170] [base:get_response] [WARNING]- Not Found: /static/js/sliders.js
2016-11-14 14:27:39,749 [Thread-3:123145508524032] [django.request:170] [base:get_response] [WARNING]- Not Found: /static/css/base.css
2016-11-14 14:27:39,750 [Thread-6:123145521143808] [django.request:170] [base:get_response] [WARNING]- Not Found: /static/css/index.css
2016-11-14 14:27:39,751 [Thread-7:123145525350400] [django.request:170] [base:get_response] [WARNING]- Not Found: /static/js/nav.js
